2024-10-13 14:27:29,669 - INFO - [MainThread] - main.py:52 - all threads started
2024-10-13 14:27:30,186 - INFO - [Fetcher-11] - thread_handler.py:37 - Fetched all of category: 1018683
2024-10-13 14:27:30,263 - INFO - [Fetcher-4] - thread_handler.py:37 - Fetched all of category: 1018676
2024-10-13 14:27:30,265 - INFO - [Fetcher-9] - thread_handler.py:37 - Fetched all of category: 1018681
2024-10-13 14:27:30,279 - INFO - [Fetcher-20] - thread_handler.py:37 - Fetched all of category: 1018692
2024-10-13 14:27:30,287 - INFO - [Fetcher-21] - thread_handler.py:37 - Fetched all of category: 1018693
2024-10-13 14:27:30,288 - INFO - [Fetcher-1] - thread_handler.py:37 - Fetched all of category: 1018673
2024-10-13 14:27:30,289 - INFO - [Fetcher-14] - thread_handler.py:37 - Fetched all of category: 1018686
2024-10-13 14:27:30,290 - INFO - [Fetcher-3] - thread_handler.py:37 - Fetched all of category: 1018675
2024-10-13 14:27:30,290 - INFO - [Fetcher-6] - thread_handler.py:37 - Fetched all of category: 1018678
2024-10-13 14:27:30,291 - INFO - [Fetcher-17] - thread_handler.py:37 - Fetched all of category: 1018689
2024-10-13 14:27:30,307 - INFO - [Fetcher-18] - thread_handler.py:37 - Fetched all of category: 1018690
2024-10-13 14:27:30,332 - INFO - [DB-Consumer] - thread_handler.py:86 - [DB-Consumer] Saved remaining 302 products to db.
2024-10-13 14:27:30,405 - INFO - [Fetcher-15] - thread_handler.py:37 - Fetched all of category: 1018687
2024-10-13 14:27:30,423 - INFO - [Fetcher-10] - thread_handler.py:37 - Fetched all of category: 1018682
2024-10-13 14:27:30,425 - INFO - [Fetcher-24] - thread_handler.py:37 - Fetched all of category: 1018696
2024-10-13 14:27:30,431 - INFO - [Fetcher-16] - thread_handler.py:37 - Fetched all of category: 1018688
2024-10-13 14:27:30,439 - INFO - [DB-Consumer] - thread_handler.py:86 - [DB-Consumer] Saved remaining 3 products to db.
2024-10-13 14:27:30,457 - INFO - [Fetcher-22] - thread_handler.py:37 - Fetched all of category: 1018694
2024-10-13 14:27:30,461 - INFO - [DB-Consumer] - thread_handler.py:86 - [DB-Consumer] Saved remaining 327 products to db.
2024-10-13 14:27:30,467 - INFO - [DB-Consumer] - thread_handler.py:86 - [DB-Consumer] Saved remaining 44 products to db.
2024-10-13 14:27:30,654 - INFO - [Fetcher-19] - thread_handler.py:37 - Fetched all of category: 1018691
2024-10-13 14:27:30,666 - INFO - [Fetcher-12] - thread_handler.py:37 - Fetched all of category: 1018684
2024-10-13 14:27:30,672 - INFO - [Fetcher-21] - thread_handler.py:37 - Fetched all of category: 1018702
2024-10-13 14:27:30,680 - INFO - [Fetcher-23] - thread_handler.py:37 - Fetched all of category: 1018695
2024-10-13 14:27:30,687 - INFO - [Fetcher-1] - thread_handler.py:37 - Fetched all of category: 1018703
2024-10-13 14:27:30,690 - INFO - [DB-Consumer] - thread_handler.py:86 - [DB-Consumer] Saved remaining 87 products to db.
2024-10-13 14:27:30,723 - INFO - [DB-Consumer] - thread_handler.py:86 - [DB-Consumer] Saved remaining 528 products to db.
2024-10-13 14:27:30,796 - INFO - [Fetcher-11] - thread_handler.py:37 - Fetched all of category: 1018698
2024-10-13 14:27:30,808 - INFO - [Fetcher-6] - thread_handler.py:37 - Fetched all of category: 1018706
2024-10-13 14:27:30,812 - INFO - [Fetcher-20] - thread_handler.py:37 - Fetched all of category: 1018700
2024-10-13 14:27:30,813 - INFO - [Fetcher-15] - thread_handler.py:37 - Fetched all of category: 1018709
2024-10-13 14:27:30,813 - INFO - [Fetcher-8] - thread_handler.py:37 - Fetched all of category: 1018680
2024-10-13 14:27:30,814 - INFO - [Fetcher-7] - thread_handler.py:37 - Fetched all of category: 1018679
2024-10-13 14:27:30,816 - INFO - [Fetcher-2] - thread_handler.py:37 - Fetched all of category: 1018674
2024-10-13 14:27:30,817 - INFO - [Fetcher-13] - thread_handler.py:37 - Fetched all of category: 1018685
2024-10-13 14:27:30,818 - INFO - [Fetcher-9] - thread_handler.py:37 - Fetched all of category: 1018701
2024-10-13 14:27:30,821 - INFO - [Fetcher-17] - thread_handler.py:37 - Fetched all of category: 1018707
2024-10-13 14:27:30,838 - INFO - [Fetcher-18] - thread_handler.py:37 - Fetched all of category: 1018708
2024-10-13 14:27:30,850 - INFO - [DB-Consumer] - thread_handler.py:86 - [DB-Consumer] Saved remaining 186 products to db.
2024-10-13 14:27:30,854 - INFO - [DB-Consumer] - thread_handler.py:86 - [DB-Consumer] Saved remaining 27 products to db.
2024-10-13 14:27:30,933 - INFO - [Fetcher-14] - thread_handler.py:37 - Fetched all of category: 1018704
2024-10-13 14:27:30,939 - INFO - [Fetcher-4] - thread_handler.py:37 - Fetched all of category: 1018699
2024-10-13 14:27:30,939 - INFO - [Fetcher-10] - thread_handler.py:37 - Fetched all of category: 1018710
2024-10-13 14:27:30,949 - INFO - [DB-Consumer] - thread_handler.py:86 - [DB-Consumer] Saved remaining 84 products to db.
2024-10-13 14:27:30,955 - INFO - [Fetcher-22] - thread_handler.py:37 - Fetched all of category: 1018714
2024-10-13 14:27:30,959 - INFO - [Fetcher-3] - thread_handler.py:37 - Fetched all of category: 1018705
2024-10-13 14:27:30,962 - INFO - [DB-Consumer] - thread_handler.py:86 - [DB-Consumer] Saved remaining 53 products to db.
2024-10-13 14:27:30,973 - INFO - [DB-Consumer] - thread_handler.py:86 - [DB-Consumer] Saved remaining 122 products to db.
2024-10-13 14:27:31,042 - INFO - [Fetcher-5] - thread_handler.py:37 - Fetched all of category: 1018677
2024-10-13 14:27:31,107 - INFO - [Fetcher-16] - thread_handler.py:37 - Fetched all of category: 1018712
2024-10-13 14:27:31,110 - INFO - [Fetcher-19] - thread_handler.py:37 - Fetched all of category: 1018715
2024-10-13 14:27:31,112 - INFO - [Fetcher-12] - thread_handler.py:37 - Fetched all of category: 1018716
2024-10-13 14:27:31,120 - INFO - [DB-Consumer] - thread_handler.py:86 - [DB-Consumer] Saved remaining 6 products to db.
2024-10-13 14:27:31,127 - INFO - [DB-Consumer] - thread_handler.py:86 - [DB-Consumer] Saved remaining 64 products to db.
2024-10-13 14:27:31,324 - INFO - [Fetcher-1] - thread_handler.py:37 - Fetched all of category: 1018720
2024-10-13 14:27:31,326 - INFO - [Fetcher-7] - thread_handler.py:37 - Fetched all of category: 1018727
2024-10-13 14:27:31,359 - INFO - [Fetcher-23] - thread_handler.py:37 - Fetched all of category: 1018718
2024-10-13 14:27:31,362 - INFO - [Fetcher-17] - thread_handler.py:37 - Fetched all of category: 1018732
2024-10-13 14:27:31,366 - INFO - [Fetcher-13] - thread_handler.py:37 - Fetched all of category: 1018730
2024-10-13 14:27:31,367 - INFO - [Fetcher-8] - thread_handler.py:37 - Fetched all of category: 1018725
2024-10-13 14:27:31,368 - INFO - [Fetcher-6] - thread_handler.py:37 - Fetched all of category: 1018723
2024-10-13 14:27:31,369 - INFO - [Fetcher-21] - thread_handler.py:37 - Fetched all of category: 1018719
2024-10-13 14:27:31,371 - INFO - [Fetcher-15] - thread_handler.py:37 - Fetched all of category: 1018724
2024-10-13 14:27:31,376 - INFO - [Fetcher-24] - thread_handler.py:37 - Fetched all of category: 1018711
2024-10-13 14:27:31,392 - INFO - [DB-Consumer] - thread_handler.py:86 - [DB-Consumer] Saved remaining 18 products to db.
2024-10-13 14:27:31,407 - INFO - [DB-Consumer] - thread_handler.py:86 - [DB-Consumer] Saved remaining 229 products to db.
2024-10-13 14:27:31,543 - INFO - [Fetcher-10] - thread_handler.py:37 - Fetched all of category: 1018736
2024-10-13 14:27:31,591 - INFO - [Fetcher-3] - thread_handler.py:37 - Fetched all of category: 1018738
2024-10-13 14:27:31,592 - INFO - [Fetcher-14] - thread_handler.py:37 - Fetched all of category: 1018734
2024-10-13 14:27:31,596 - INFO - [Fetcher-2] - thread_handler.py:37 - Fetched all of category: 1018728
2024-10-13 14:27:31,601 - INFO - [DB-Consumer] - thread_handler.py:86 - [DB-Consumer] Saved remaining 3 products to db.
2024-10-13 14:27:31,610 - INFO - [DB-Consumer] - thread_handler.py:86 - [DB-Consumer] Saved remaining 104 products to db.
2024-10-13 14:27:31,682 - INFO - [Fetcher-9] - thread_handler.py:37 - Fetched all of category: 1018731
2024-10-13 14:27:31,684 - INFO - [Fetcher-12] - thread_handler.py:37 - Fetched all of category: 1018742
2024-10-13 14:27:31,718 - INFO - [Fetcher-18] - thread_handler.py:37 - Fetched all of category: 1018733
2024-10-13 14:27:31,720 - INFO - [Fetcher-16] - thread_handler.py:37 - Fetched all of category: 1018740
2024-10-13 14:27:31,727 - INFO - [DB-Consumer] - thread_handler.py:86 - [DB-Consumer] Saved remaining 1 products to db.
2024-10-13 14:27:31,739 - INFO - [DB-Consumer] - thread_handler.py:86 - [DB-Consumer] Saved remaining 134 products to db.
2024-10-13 14:27:31,778 - INFO - [Fetcher-19] - thread_handler.py:37 - Fetched all of category: 1018741
2024-10-13 14:27:31,805 - INFO - [Fetcher-23] - thread_handler.py:37 - Fetched all of category: 1018745
2024-10-13 14:27:31,810 - INFO - [Fetcher-20] - thread_handler.py:37 - Fetched all of category: 1018722
2024-10-13 14:27:31,816 - INFO - [DB-Consumer] - thread_handler.py:86 - [DB-Consumer] Saved remaining 2 products to db.
2024-10-13 14:27:31,826 - INFO - [Fetcher-21] - thread_handler.py:37 - Fetched all of category: 1018750
2024-10-13 14:27:31,828 - INFO - [DB-Consumer] - thread_handler.py:86 - [DB-Consumer] Saved remaining 132 products to db.
2024-10-13 14:27:31,832 - INFO - [DB-Consumer] - thread_handler.py:86 - [DB-Consumer] Saved remaining 15 products to db.
2024-10-13 14:27:31,960 - INFO - [Fetcher-15] - thread_handler.py:37 - Fetched all of category: 1018752
2024-10-13 14:27:31,965 - INFO - [Fetcher-22] - thread_handler.py:37 - Fetched all of category: 1018737
2024-10-13 14:27:31,967 - INFO - [Fetcher-6] - thread_handler.py:37 - Fetched all of category: 1018749
2024-10-13 14:27:31,974 - INFO - [Fetcher-5] - thread_handler.py:37 - Fetched all of category: 1018739
2024-10-13 14:27:31,980 - INFO - [Fetcher-24] - thread_handler.py:37 - Fetched all of category: 1018754
2024-10-13 14:27:31,985 - INFO - [Fetcher-8] - thread_handler.py:37 - Fetched all of category: 1018748
2024-10-13 14:27:31,987 - INFO - [DB-Consumer] - thread_handler.py:86 - [DB-Consumer] Saved remaining 8 products to db.
2024-10-13 14:27:32,006 - INFO - [Fetcher-14] - thread_handler.py:37 - Fetched all of category: 1018757
2024-10-13 14:27:32,012 - INFO - [DB-Consumer] - thread_handler.py:86 - [DB-Consumer] Saved remaining 379 products to db.
2024-10-13 14:27:32,015 - INFO - [DB-Consumer] - thread_handler.py:86 - [DB-Consumer] Saved remaining 10 products to db.
2024-10-13 14:27:32,118 - INFO - [Fetcher-2] - thread_handler.py:37 - Fetched all of category: 1018758
2024-10-13 14:27:32,156 - INFO - [Fetcher-10] - thread_handler.py:37 - Fetched all of category: 1018755
2024-10-13 14:27:32,159 - INFO - [Fetcher-13] - thread_handler.py:37 - Fetched all of category: 1018747
2024-10-13 14:27:32,160 - INFO - [Fetcher-18] - thread_handler.py:37 - Fetched all of category: 1018761
2024-10-13 14:27:32,161 - INFO - [Fetcher-3] - thread_handler.py:37 - Fetched all of category: 1018756
2024-10-13 14:27:32,168 - INFO - [Fetcher-1] - thread_handler.py:37 - Fetched all of category: 1018743
2024-10-13 14:27:32,174 - INFO - [DB-Consumer] - thread_handler.py:86 - [DB-Consumer] Saved remaining 12 products to db.
2024-10-13 14:27:32,187 - INFO - [Fetcher-16] - thread_handler.py:37 - Fetched all of category: 1018762
2024-10-13 14:27:32,190 - INFO - [DB-Consumer] - thread_handler.py:86 - [DB-Consumer] Saved remaining 222 products to db.
2024-10-13 14:27:32,194 - INFO - [DB-Consumer] - thread_handler.py:86 - [DB-Consumer] Saved remaining 26 products to db.
2024-10-13 14:27:32,306 - INFO - [Fetcher-19] - thread_handler.py:37 - Fetched all of category: 1018763
2024-10-13 14:27:32,307 - INFO - [Fetcher-9] - thread_handler.py:37 - Fetched all of category: 1018759
2024-10-13 14:27:32,339 - INFO - [Fetcher-23] - thread_handler.py:37 - Fetched all of category: 1018768
2024-10-13 14:27:32,351 - INFO - [Fetcher-7] - thread_handler.py:37 - Fetched all of category: 1018744
2024-10-13 14:27:32,353 - INFO - [DB-Consumer] - thread_handler.py:86 - [DB-Consumer] Saved remaining 39 products to db.
2024-10-13 14:27:32,366 - INFO - [DB-Consumer] - thread_handler.py:86 - [DB-Consumer] Saved remaining 155 products to db.
2024-10-13 14:27:32,506 - INFO - [Fetcher-20] - thread_handler.py:37 - Fetched all of category: 1018770
2024-10-13 14:27:32,508 - INFO - [Fetcher-8] - thread_handler.py:37 - Fetched all of category: 1018777
2024-10-13 14:27:32,510 - INFO - [Fetcher-5] - thread_handler.py:37 - Fetched all of category: 1018775
2024-10-13 14:27:32,523 - INFO - [Fetcher-15] - thread_handler.py:37 - Fetched all of category: 1018773
2024-10-13 14:27:32,523 - INFO - [Fetcher-14] - thread_handler.py:37 - Fetched all of category: 1018778
2024-10-13 14:27:32,526 - INFO - [Fetcher-24] - thread_handler.py:37 - Fetched all of category: 1018776
2024-10-13 14:27:32,536 - INFO - [DB-Consumer] - thread_handler.py:86 - [DB-Consumer] Saved remaining 1 products to db.
2024-10-13 14:27:32,543 - INFO - [DB-Consumer] - thread_handler.py:86 - [DB-Consumer] Saved remaining 97 products to db.
2024-10-13 14:27:32,785 - INFO - [Fetcher-1] - thread_handler.py:37 - Fetched all of category: 1018784
2024-10-13 14:27:32,804 - INFO - [Fetcher-18] - thread_handler.py:37 - Fetched all of category: 1018782
2024-10-13 14:27:32,817 - INFO - [Fetcher-22] - thread_handler.py:37 - Fetched all of category: 1018772
2024-10-13 14:27:32,821 - INFO - [Fetcher-13] - thread_handler.py:37 - Fetched all of category: 1018781
2024-10-13 14:27:32,823 - INFO - [Fetcher-10] - thread_handler.py:37 - Fetched all of category: 1018780
2024-10-13 14:27:32,826 - INFO - [Fetcher-2] - thread_handler.py:37 - Fetched all of category: 1018779
2024-10-13 14:27:32,844 - INFO - [Fetcher-6] - thread_handler.py:37 - Fetched all of category: 1018774
2024-10-13 14:27:32,849 - INFO - [Fetcher-3] - thread_handler.py:37 - Fetched all of category: 1018783
2024-10-13 14:27:32,859 - INFO - [Fetcher-16] - thread_handler.py:37 - Fetched all of category: 1018785
2024-10-13 14:27:32,862 - INFO - [DB-Consumer] - thread_handler.py:86 - [DB-Consumer] Saved remaining 129 products to db.
2024-10-13 14:27:32,886 - INFO - [Fetcher-9] - thread_handler.py:37 - Fetched all of category: 1018787
2024-10-13 14:27:32,891 - INFO - [DB-Consumer] - thread_handler.py:86 - [DB-Consumer] Saved remaining 460 products to db.
2024-10-13 14:27:32,895 - INFO - [DB-Consumer] - thread_handler.py:86 - [DB-Consumer] Saved remaining 17 products to db.
2024-10-13 14:27:33,067 - INFO - [Fetcher-19] - thread_handler.py:37 - Fetched all of category: 1018786
2024-10-13 14:27:33,133 - INFO - [Fetcher-7] - thread_handler.py:37 - Fetched all of category: 1018789
2024-10-13 14:27:33,143 - INFO - [Fetcher-12] - thread_handler.py:37 - Fetched all of category: 1018760
2024-10-13 14:27:33,149 - INFO - [Fetcher-20] - thread_handler.py:37 - Fetched all of category: 1018790
2024-10-13 14:27:33,154 - INFO - [DB-Consumer] - thread_handler.py:86 - [DB-Consumer] Saved remaining 78 products to db.
2024-10-13 14:27:33,169 - INFO - [Fetcher-14] - thread_handler.py:37 - Fetched all of category: 1018794
2024-10-13 14:27:33,172 - INFO - [DB-Consumer] - thread_handler.py:86 - [DB-Consumer] Saved remaining 211 products to db.
2024-10-13 14:27:33,176 - INFO - [DB-Consumer] - thread_handler.py:86 - [DB-Consumer] Saved remaining 11 products to db.
2024-10-13 14:27:33,350 - INFO - [Fetcher-6] - thread_handler.py:37 - Fetched all of category: 1018802
2024-10-13 14:27:33,350 - INFO - [Fetcher-1] - thread_handler.py:37 - Fetched all of category: 1018797
2024-10-13 14:27:33,354 - INFO - [Fetcher-5] - thread_handler.py:37 - Fetched all of category: 1018792
2024-10-13 14:27:33,355 - INFO - [Fetcher-24] - thread_handler.py:37 - Fetched all of category: 1018795
2024-10-13 14:27:33,356 - INFO - [Fetcher-13] - thread_handler.py:37 - Fetched all of category: 1018799
2024-10-13 14:27:33,359 - INFO - [Fetcher-8] - thread_handler.py:37 - Fetched all of category: 1018791
2024-10-13 14:27:33,363 - INFO - [Fetcher-22] - thread_handler.py:37 - Fetched all of category: 1018798
2024-10-13 14:27:33,377 - INFO - [DB-Consumer] - thread_handler.py:86 - [DB-Consumer] Saved remaining 79 products to db.
2024-10-13 14:27:33,377 - INFO - [Fetcher-3] - thread_handler.py:37 - Fetched all of category: 1018803
2024-10-13 14:27:33,388 - INFO - [DB-Consumer] - thread_handler.py:86 - [DB-Consumer] Saved remaining 136 products to db.
2024-10-13 14:27:33,390 - INFO - [DB-Consumer] - thread_handler.py:86 - [DB-Consumer] Saved remaining 3 products to db.
2024-10-13 14:27:33,533 - INFO - [Fetcher-16] - thread_handler.py:37 - Fetched all of category: 1018804
2024-10-13 14:27:33,564 - INFO - [Fetcher-9] - thread_handler.py:37 - Fetched all of category: 1018805
2024-10-13 14:27:33,570 - INFO - [Fetcher-2] - thread_handler.py:37 - Fetched all of category: 1018801
2024-10-13 14:27:33,571 - INFO - [Fetcher-12] - thread_handler.py:37 - Fetched all of category: 1018808
2024-10-13 14:27:33,574 - INFO - [Fetcher-10] - thread_handler.py:37 - Fetched all of category: 1018800
2024-10-13 14:27:33,585 - INFO - [DB-Consumer] - thread_handler.py:86 - [DB-Consumer] Saved remaining 9 products to db.
2024-10-13 14:27:33,617 - INFO - [Fetcher-21] - thread_handler.py:37 - Fetched all of category: 1018771
2024-10-13 14:27:33,623 - INFO - [DB-Consumer] - thread_handler.py:86 - [DB-Consumer] Saved remaining 135 products to db.
2024-10-13 14:27:33,664 - INFO - [Fetcher-19] - thread_handler.py:37 - Fetched all of category: 1018806
2024-10-13 14:27:33,667 - INFO - [DB-Consumer] - thread_handler.py:75 - [DB-Consumer] Saved 700 products to db.
2024-10-13 14:27:33,669 - INFO - [Fetcher-7] - thread_handler.py:37 - Fetched all of category: 1018807
2024-10-13 14:27:33,683 - INFO - [Fetcher-20] - thread_handler.py:37 - Fetched all of category: 1018809
2024-10-13 14:27:33,686 - INFO - [DB-Consumer] - thread_handler.py:86 - [DB-Consumer] Saved remaining 195 products to db.
2024-10-13 14:27:33,689 - INFO - [DB-Consumer] - thread_handler.py:86 - [DB-Consumer] Saved remaining 17 products to db.
2024-10-13 14:27:33,859 - INFO - [Fetcher-6] - thread_handler.py:37 - Fetched all of category: 1018811
2024-10-13 14:27:33,924 - INFO - [Fetcher-13] - thread_handler.py:37 - Fetched all of category: 1018817
2024-10-13 14:27:33,955 - INFO - [Fetcher-14] - thread_handler.py:37 - Fetched all of category: 1018810
2024-10-13 14:27:33,985 - INFO - [Fetcher-22] - thread_handler.py:37 - Fetched all of category: 1018819
2024-10-13 14:27:33,988 - INFO - [Fetcher-24] - thread_handler.py:37 - Fetched all of category: 1018816
2024-10-13 14:27:33,989 - INFO - [Fetcher-3] - thread_handler.py:37 - Fetched all of category: 1018820
2024-10-13 14:27:33,993 - INFO - [Fetcher-12] - thread_handler.py:37 - Fetched all of category: 1018824
2024-10-13 14:27:33,998 - INFO - [Fetcher-2] - thread_handler.py:37 - Fetched all of category: 1018823
2024-10-13 14:27:33,998 - INFO - [Fetcher-8] - thread_handler.py:37 - Fetched all of category: 1018818
2024-10-13 14:27:33,999 - INFO - [Fetcher-5] - thread_handler.py:37 - Fetched all of category: 1018815
2024-10-13 14:27:34,013 - INFO - [Fetcher-9] - thread_handler.py:37 - Fetched all of category: 1018822
2024-10-13 14:27:34,015 - INFO - [Fetcher-10] - thread_handler.py:37 - Fetched all of category: 1018825
2024-10-13 14:27:34,038 - INFO - [DB-Consumer] - thread_handler.py:86 - [DB-Consumer] Saved remaining 214 products to db.
2024-10-13 14:27:34,143 - INFO - [Fetcher-1] - thread_handler.py:37 - Fetched all of category: 1018812
2024-10-13 14:27:34,153 - INFO - [DB-Consumer] - thread_handler.py:86 - [DB-Consumer] Saved remaining 75 products to db.
2024-10-13 14:27:34,315 - INFO - [Fetcher-19] - thread_handler.py:37 - Fetched all of category: 1018827
2024-10-13 14:27:34,331 - INFO - [Fetcher-20] - thread_handler.py:37 - Fetched all of category: 1018829
2024-10-13 14:27:34,335 - INFO - [Fetcher-7] - thread_handler.py:37 - Fetched all of category: 1018828
2024-10-13 14:27:34,341 - INFO - [DB-Consumer] - thread_handler.py:86 - [DB-Consumer] Saved remaining 19 products to db.
2024-10-13 14:27:34,347 - INFO - [DB-Consumer] - thread_handler.py:86 - [DB-Consumer] Saved remaining 54 products to db.
2024-10-13 14:27:34,536 - INFO - [Fetcher-12] - thread_handler.py:37 - Fetched all of category: 1018836
2024-10-13 14:27:34,550 - INFO - [Fetcher-8] - thread_handler.py:37 - Fetched all of category: 1018838
2024-10-13 14:27:34,580 - INFO - [Fetcher-5] - thread_handler.py:37 - Fetched all of category: 1018839
2024-10-13 14:27:34,611 - INFO - [Fetcher-2] - thread_handler.py:37 - Fetched all of category: 1018837
2024-10-13 14:27:34,619 - INFO - [Fetcher-6] - thread_handler.py:37 - Fetched all of category: 1018830
2024-10-13 14:27:34,623 - INFO - [Fetcher-13] - thread_handler.py:37 - Fetched all of category: 1018831
2024-10-13 14:27:34,625 - INFO - [Fetcher-14] - thread_handler.py:37 - Fetched all of category: 1018832
2024-10-13 14:27:34,626 - INFO - [Fetcher-10] - thread_handler.py:37 - Fetched all of category: 1018841
2024-10-13 14:27:34,629 - INFO - [Fetcher-4] - thread_handler.py:37 - Fetched all of category: 1018735
2024-10-13 14:27:34,637 - INFO - [Fetcher-21] - thread_handler.py:37 - Fetched all of category: 1018826
2024-10-13 14:27:34,650 - INFO - [DB-Consumer] - thread_handler.py:86 - [DB-Consumer] Saved remaining 39 products to db.
2024-10-13 14:27:34,669 - INFO - [Fetcher-24] - thread_handler.py:37 - Fetched all of category: 1018834
2024-10-13 14:27:34,673 - INFO - [DB-Consumer] - thread_handler.py:86 - [DB-Consumer] Saved remaining 290 products to db.
2024-10-13 14:27:34,683 - INFO - [DB-Consumer] - thread_handler.py:86 - [DB-Consumer] Saved remaining 133 products to db.
2024-10-13 14:27:34,832 - INFO - [Fetcher-1] - thread_handler.py:37 - Fetched all of category: 1018842
2024-10-13 14:27:34,880 - INFO - [Fetcher-22] - thread_handler.py:37 - Fetched all of category: 1018833
2024-10-13 14:27:34,886 - INFO - [Fetcher-19] - thread_handler.py:37 - Fetched all of category: 1018843
2024-10-13 14:27:34,894 - INFO - [DB-Consumer] - thread_handler.py:86 - [DB-Consumer] Saved remaining 72 products to db.
2024-10-13 14:27:34,898 - INFO - [DB-Consumer] - thread_handler.py:86 - [DB-Consumer] Saved remaining 15 products to db.
2024-10-13 14:27:35,068 - INFO - [Fetcher-9] - thread_handler.py:37 - Fetched all of category: 1018840
2024-10-13 14:27:35,069 - INFO - [Fetcher-20] - thread_handler.py:37 - Fetched all of category: 1018844
2024-10-13 14:27:35,099 - INFO - [Fetcher-7] - thread_handler.py:37 - Fetched all of category: 1018845
2024-10-13 14:27:35,103 - INFO - [Fetcher-10] - thread_handler.py:37 - Fetched all of category: 1018854
2024-10-13 14:27:35,111 - INFO - [DB-Consumer] - thread_handler.py:86 - [DB-Consumer] Saved remaining 30 products to db.
2024-10-13 14:27:35,115 - INFO - [DB-Consumer] - thread_handler.py:86 - [DB-Consumer] Saved remaining 20 products to db.
2024-10-13 14:27:35,177 - INFO - [Fetcher-4] - thread_handler.py:37 - Fetched all of category: 1018855
2024-10-13 14:27:35,192 - INFO - [Fetcher-5] - thread_handler.py:37 - Fetched all of category: 1018848
2024-10-13 14:27:35,195 - INFO - [Fetcher-12] - thread_handler.py:37 - Fetched all of category: 1018846
2024-10-13 14:27:35,202 - INFO - [Fetcher-17] - thread_handler.py:37 - Fetched all of category: 1018746
2024-10-13 14:27:35,205 - INFO - [Fetcher-24] - thread_handler.py:37 - Fetched all of category: 1018857
2024-10-13 14:27:35,209 - INFO - [Fetcher-21] - thread_handler.py:37 - Fetched all of category: 1018856
2024-10-13 14:27:35,213 - INFO - [DB-Consumer] - thread_handler.py:86 - [DB-Consumer] Saved remaining 4 products to db.
2024-10-13 14:27:35,222 - INFO - [Fetcher-2] - thread_handler.py:37 - Fetched all of category: 1018849
2024-10-13 14:27:35,225 - INFO - [Fetcher-6] - thread_handler.py:37 - Fetched all of category: 1018850
2024-10-13 14:27:35,229 - INFO - [DB-Consumer] - thread_handler.py:86 - [DB-Consumer] Saved remaining 164 products to db.
2024-10-13 14:27:35,232 - INFO - [DB-Consumer] - thread_handler.py:86 - [DB-Consumer] Saved remaining 20 products to db.
2024-10-13 14:27:35,367 - INFO - [Fetcher-14] - thread_handler.py:37 - Fetched all of category: 1018853
2024-10-13 14:27:35,389 - INFO - [DB-Consumer] - thread_handler.py:86 - [DB-Consumer] Saved remaining 36 products to db.
2024-10-13 14:27:35,539 - INFO - [Fetcher-1] - thread_handler.py:37 - Fetched all of category: 1018858
2024-10-13 14:27:35,547 - INFO - [DB-Consumer] - thread_handler.py:86 - [DB-Consumer] Saved remaining 47 products to db.
2024-10-13 14:27:35,635 - INFO - [Fetcher-10] - thread_handler.py:37 - Fetched all of category: 1018864
2024-10-13 14:27:35,664 - INFO - [Fetcher-20] - thread_handler.py:37 - Fetched all of category: 1018862
2024-10-13 14:27:35,683 - INFO - [Fetcher-9] - thread_handler.py:37 - Fetched all of category: 1018861
2024-10-13 14:27:35,690 - INFO - [Fetcher-13] - thread_handler.py:37 - Fetched all of category: 1018851
2024-10-13 14:27:35,711 - INFO - [DB-Consumer] - thread_handler.py:86 - [DB-Consumer] Saved remaining 236 products to db.
2024-10-13 14:27:35,821 - INFO - [Fetcher-24] - thread_handler.py:37 - Fetched all of category: 1018869
2024-10-13 14:27:35,836 - INFO - [Fetcher-21] - thread_handler.py:37 - Fetched all of category: 1018870
2024-10-13 14:27:35,841 - INFO - [Fetcher-2] - thread_handler.py:37 - Fetched all of category: 1018871
2024-10-13 14:27:35,842 - INFO - [Fetcher-6] - thread_handler.py:37 - Fetched all of category: 1018872
2024-10-13 14:27:35,853 - INFO - [Fetcher-23] - thread_handler.py:37 - Fetched all of category: 1018788
2024-10-13 14:27:35,855 - INFO - [Fetcher-14] - thread_handler.py:37 - Fetched all of category: 1018873
2024-10-13 14:27:35,858 - INFO - [Fetcher-4] - thread_handler.py:37 - Fetched all of category: 1018865
2024-10-13 14:27:35,862 - INFO - [DB-Consumer] - thread_handler.py:86 - [DB-Consumer] Saved remaining 36 products to db.
2024-10-13 14:27:35,871 - INFO - [Fetcher-17] - thread_handler.py:37 - Fetched all of category: 1018868
2024-10-13 14:27:35,874 - INFO - [DB-Consumer] - thread_handler.py:86 - [DB-Consumer] Saved remaining 148 products to db.
2024-10-13 14:27:35,877 - INFO - [DB-Consumer] - thread_handler.py:86 - [DB-Consumer] Saved remaining 6 products to db.
2024-10-13 14:27:36,178 - INFO - [Fetcher-20] - thread_handler.py:37 - Fetched all of category: 1018876
2024-10-13 14:27:36,179 - INFO - [Fetcher-1] - thread_handler.py:37 - Fetched all of category: 1018874
2024-10-13 14:27:36,179 - INFO - [Fetcher-15] - thread_handler.py:37 - Fetched all of category: 1018793
2024-10-13 14:27:36,184 - INFO - [Fetcher-12] - thread_handler.py:37 - Fetched all of category: 1018866
2024-10-13 14:27:36,194 - INFO - [DB-Consumer] - thread_handler.py:86 - [DB-Consumer] Saved remaining 17 products to db.
2024-10-13 14:27:36,207 - INFO - [Fetcher-18] - thread_handler.py:37 - Fetched all of category: 1018796
2024-10-13 14:27:36,214 - INFO - [Fetcher-13] - thread_handler.py:37 - Fetched all of category: 1018878
2024-10-13 14:27:36,221 - INFO - [DB-Consumer] - thread_handler.py:86 - [DB-Consumer] Saved remaining 167 products to db.
2024-10-13 14:27:36,228 - INFO - [DB-Consumer] - thread_handler.py:86 - [DB-Consumer] Saved remaining 28 products to db.
2024-10-13 14:27:36,385 - INFO - [Fetcher-21] - thread_handler.py:37 - Fetched all of category: 1018880
2024-10-13 14:27:36,452 - INFO - [Fetcher-6] - thread_handler.py:37 - Fetched all of category: 1018882
2024-10-13 14:27:36,456 - INFO - [Fetcher-24] - thread_handler.py:37 - Fetched all of category: 1018879
2024-10-13 14:27:36,461 - INFO - [Fetcher-23] - thread_handler.py:37 - Fetched all of category: 1018883
2024-10-13 14:27:36,468 - INFO - [Fetcher-10] - thread_handler.py:37 - Fetched all of category: 1018875
2024-10-13 14:27:36,483 - INFO - [Fetcher-5] - thread_handler.py:37 - Fetched all of category: 1018867
2024-10-13 14:27:36,488 - INFO - [DB-Consumer] - thread_handler.py:86 - [DB-Consumer] Saved remaining 53 products to db.
2024-10-13 14:27:36,503 - INFO - [Fetcher-22] - thread_handler.py:37 - Fetched all of category: 1018859
2024-10-13 14:27:36,509 - INFO - [Fetcher-17] - thread_handler.py:37 - Fetched all of category: 1018887
2024-10-13 14:27:36,544 - INFO - [Fetcher-2] - thread_handler.py:37 - Fetched all of category: 1018881
2024-10-13 14:27:36,551 - INFO - [DB-Consumer] - thread_handler.py:86 - [DB-Consumer] Saved remaining 557 products to db.
2024-10-13 14:27:36,590 - INFO - [DB-Consumer] - thread_handler.py:86 - [DB-Consumer] Saved remaining 619 products to db.
2024-10-13 14:27:36,762 - INFO - [Fetcher-4] - thread_handler.py:37 - Fetched all of category: 1018886
2024-10-13 14:27:36,798 - INFO - [Fetcher-15] - thread_handler.py:37 - Fetched all of category: 1018890
2024-10-13 14:27:36,801 - INFO - [Fetcher-13] - thread_handler.py:37 - Fetched all of category: 1018894
2024-10-13 14:27:36,803 - INFO - [Fetcher-18] - thread_handler.py:37 - Fetched all of category: 1018893
2024-10-13 14:27:36,805 - INFO - [Fetcher-1] - thread_handler.py:37 - Fetched all of category: 1018889
2024-10-13 14:27:36,809 - INFO - [Fetcher-12] - thread_handler.py:37 - Fetched all of category: 1018891
2024-10-13 14:27:36,818 - INFO - [DB-Consumer] - thread_handler.py:86 - [DB-Consumer] Saved remaining 3 products to db.
2024-10-13 14:27:36,842 - INFO - [DB-Consumer] - thread_handler.py:86 - [DB-Consumer] Saved remaining 369 products to db.
2024-10-13 14:27:36,948 - INFO - [Fetcher-10] - thread_handler.py:37 - Fetched all of category: 1018899
2024-10-13 14:27:36,983 - INFO - [Fetcher-6] - thread_handler.py:37 - Fetched all of category: 1018896
2024-10-13 14:27:36,984 - INFO - [Fetcher-23] - thread_handler.py:37 - Fetched all of category: 1018898
2024-10-13 14:27:36,984 - INFO - [Fetcher-21] - thread_handler.py:37 - Fetched all of category: 1018895
2024-10-13 14:27:36,991 - INFO - [Fetcher-24] - thread_handler.py:37 - Fetched all of category: 1018897
2024-10-13 14:27:36,994 - INFO - [Fetcher-16] - thread_handler.py:37 - Fetched all of category: 1018821
2024-10-13 14:27:37,000 - INFO - [Fetcher-20] - thread_handler.py:37 - Fetched all of category: 1018888
2024-10-13 14:27:37,010 - INFO - [DB-Consumer] - thread_handler.py:86 - [DB-Consumer] Saved remaining 14 products to db.
2024-10-13 14:27:37,023 - INFO - [DB-Consumer] - thread_handler.py:86 - [DB-Consumer] Saved remaining 191 products to db.
2024-10-13 14:27:37,182 - INFO - [Fetcher-17] - thread_handler.py:37 - Fetched all of category: 1018902
2024-10-13 14:27:37,217 - INFO - [Fetcher-22] - thread_handler.py:37 - Fetched all of category: 1018901
2024-10-13 14:27:37,223 - INFO - [Fetcher-2] - thread_handler.py:37 - Fetched all of category: 1018903
2024-10-13 14:27:37,229 - INFO - [Fetcher-5] - thread_handler.py:37 - Fetched all of category: 1018900
2024-10-13 14:27:37,240 - INFO - [DB-Consumer] - thread_handler.py:86 - [DB-Consumer] Saved remaining 72 products to db.
2024-10-13 14:27:37,256 - INFO - [DB-Consumer] - thread_handler.py:86 - [DB-Consumer] Saved remaining 202 products to db.
2024-10-13 14:27:37,389 - INFO - [Fetcher-15] - thread_handler.py:37 - Fetched all of category: 1018905
2024-10-13 14:27:37,468 - INFO - [Fetcher-4] - thread_handler.py:37 - Fetched all of category: 1018904
2024-10-13 14:27:37,470 - INFO - [Fetcher-1] - thread_handler.py:37 - Fetched all of category: 1018908
2024-10-13 14:27:37,475 - INFO - [Fetcher-12] - thread_handler.py:37 - Fetched all of category: 1018909
2024-10-13 14:27:37,483 - INFO - [Fetcher-18] - thread_handler.py:37 - Fetched all of category: 1018907
2024-10-13 14:27:37,495 - INFO - [DB-Consumer] - thread_handler.py:86 - [DB-Consumer] Saved remaining 149 products to db.
2024-10-13 14:27:37,504 - INFO - [DB-Consumer] - thread_handler.py:86 - [DB-Consumer] Saved remaining 104 products to db.
2024-10-13 14:27:37,638 - INFO - [Fetcher-23] - thread_handler.py:37 - Fetched all of category: 1018912
2024-10-13 14:27:37,676 - INFO - [Fetcher-3] - thread_handler.py:37 - Fetched all of category: 1018835
2024-10-13 14:27:37,680 - INFO - [Fetcher-10] - thread_handler.py:37 - Fetched all of category: 1018910
2024-10-13 14:27:37,683 - INFO - [Fetcher-16] - thread_handler.py:37 - Fetched all of category: 1018915
2024-10-13 14:27:37,695 - INFO - [Fetcher-13] - thread_handler.py:37 - Fetched all of category: 1018906
2024-10-13 14:27:37,702 - INFO - [Fetcher-24] - thread_handler.py:37 - Fetched all of category: 1018914
2024-10-13 14:27:37,706 - INFO - [DB-Consumer] - thread_handler.py:86 - [DB-Consumer] Saved remaining 4 products to db.
2024-10-13 14:27:37,728 - INFO - [Fetcher-22] - thread_handler.py:37 - Fetched all of category: 1018918
2024-10-13 14:27:37,735 - INFO - [DB-Consumer] - thread_handler.py:86 - [DB-Consumer] Saved remaining 451 products to db.
2024-10-13 14:27:37,738 - INFO - [DB-Consumer] - thread_handler.py:86 - [DB-Consumer] Saved remaining 5 products to db.
2024-10-13 14:27:37,889 - INFO - [Fetcher-2] - thread_handler.py:37 - Fetched all of category: 1018919
2024-10-13 14:27:37,960 - INFO - [Fetcher-5] - thread_handler.py:37 - Fetched all of category: 1018920
2024-10-13 14:27:37,963 - INFO - [DB-Consumer] - thread_handler.py:86 - [DB-Consumer] Saved remaining 17 products to db.
2024-10-13 14:27:37,979 - INFO - [Fetcher-14] - thread_handler.py:37 - Fetched all of category: 1018884
2024-10-13 14:27:37,991 - INFO - [DB-Consumer] - thread_handler.py:86 - [DB-Consumer] Saved remaining 79 products to db.
2024-10-13 14:27:37,995 - INFO - [Fetcher-4] - thread_handler.py:37 - Fetched all of category: 1018923
2024-10-13 14:27:38,031 - INFO - [Fetcher-6] - thread_handler.py:37 - Fetched all of category: 1018911
2024-10-13 14:27:38,040 - INFO - [Fetcher-20] - thread_handler.py:37 - Fetched all of category: 1018916
2024-10-13 14:27:38,047 - INFO - [DB-Consumer] - thread_handler.py:86 - [DB-Consumer] Saved remaining 627 products to db.
2024-10-13 14:27:38,074 - INFO - [DB-Consumer] - thread_handler.py:86 - [DB-Consumer] Saved remaining 419 products to db.
2024-10-13 14:27:38,110 - INFO - [Fetcher-10] - thread_handler.py:37 - Fetched all of category: 1018929
2024-10-13 14:27:38,125 - INFO - [Fetcher-18] - thread_handler.py:37 - Fetched all of category: 1018926
2024-10-13 14:27:38,129 - INFO - [Fetcher-1] - thread_handler.py:37 - Fetched all of category: 1018924
2024-10-13 14:27:38,135 - INFO - [DB-Consumer] - thread_handler.py:86 - [DB-Consumer] Saved remaining 15 products to db.
2024-10-13 14:27:38,144 - INFO - [DB-Consumer] - thread_handler.py:86 - [DB-Consumer] Saved remaining 117 products to db.
2024-10-13 14:27:38,216 - INFO - [Fetcher-24] - thread_handler.py:37 - Fetched all of category: 1018932
2024-10-13 14:27:38,311 - INFO - [Fetcher-8] - thread_handler.py:37 - Fetched all of category: 1018847
2024-10-13 14:27:38,315 - INFO - [Fetcher-3] - thread_handler.py:37 - Fetched all of category: 1018928
2024-10-13 14:27:38,332 - INFO - [Fetcher-23] - thread_handler.py:37 - Fetched all of category: 1018927
2024-10-13 14:27:38,333 - INFO - [Fetcher-13] - thread_handler.py:37 - Fetched all of category: 1018931
2024-10-13 14:27:38,334 - INFO - [Fetcher-16] - thread_handler.py:37 - Fetched all of category: 1018930
2024-10-13 14:27:38,338 - INFO - [Fetcher-15] - thread_handler.py:37 - Fetched all of category: 1018921
2024-10-13 14:27:38,345 - INFO - [Fetcher-22] - thread_handler.py:37 - Fetched all of category: 1018933
2024-10-13 14:27:38,359 - INFO - [Fetcher-17] - thread_handler.py:37 - Fetched all of category: 1018917
2024-10-13 14:27:38,365 - INFO - [DB-Consumer] - thread_handler.py:86 - [DB-Consumer] Saved remaining 2 products to db.
2024-10-13 14:27:38,396 - INFO - [DB-Consumer] - thread_handler.py:86 - [DB-Consumer] Saved remaining 507 products to db.
2024-10-13 14:27:38,736 - INFO - [Fetcher-10] - thread_handler.py:37 - Fetched all of category: 1018940
2024-10-13 14:27:38,767 - INFO - [Fetcher-20] - thread_handler.py:37 - Fetched all of category: 1018939
2024-10-13 14:27:38,770 - INFO - [Fetcher-15] - thread_handler.py:37 - Fetched all of category: 1018948
2024-10-13 14:27:38,778 - INFO - [Fetcher-6] - thread_handler.py:37 - Fetched all of category: 1018938
2024-10-13 14:27:38,784 - INFO - [Fetcher-5] - thread_handler.py:37 - Fetched all of category: 1018935
2024-10-13 14:27:38,790 - INFO - [Fetcher-12] - thread_handler.py:37 - Fetched all of category: 1018925
2024-10-13 14:27:38,795 - INFO - [Fetcher-18] - thread_handler.py:37 - Fetched all of category: 1018941
2024-10-13 14:27:38,800 - INFO - [Fetcher-16] - thread_handler.py:37 - Fetched all of category: 1018950
2024-10-13 14:27:38,811 - INFO - [Fetcher-2] - thread_handler.py:37 - Fetched all of category: 1018934
2024-10-13 14:27:38,817 - INFO - [DB-Consumer] - thread_handler.py:86 - [DB-Consumer] Saved remaining 24 products to db.
2024-10-13 14:27:38,834 - INFO - [Fetcher-21] - thread_handler.py:37 - Fetched all of category: 1018913
2024-10-13 14:27:38,870 - INFO - [Fetcher-17] - thread_handler.py:37 - Fetched all of category: 1018951
2024-10-13 14:27:38,876 - INFO - [Fetcher-13] - thread_handler.py:37 - Fetched all of category: 1018947
2024-10-13 14:27:38,885 - INFO - [Fetcher-1] - thread_handler.py:37 - Fetched all of category: 1018942
2024-10-13 14:27:38,886 - INFO - [Fetcher-3] - thread_handler.py:37 - Fetched all of category: 1018945
2024-10-13 14:27:38,892 - INFO - [DB-Consumer] - thread_handler.py:75 - [DB-Consumer] Saved 700 products to db.
2024-10-13 14:27:38,927 - INFO - [Fetcher-8] - thread_handler.py:37 - Fetched all of category: 1018944
2024-10-13 14:27:38,940 - INFO - [Fetcher-23] - thread_handler.py:37 - Fetched all of category: 1018946
2024-10-13 14:27:38,943 - INFO - [DB-Consumer] - thread_handler.py:75 - [DB-Consumer] Saved 700 products to db.
2024-10-13 14:27:38,966 - INFO - [DB-Consumer] - thread_handler.py:86 - [DB-Consumer] Saved remaining 337 products to db.
2024-10-13 14:27:39,296 - INFO - [Fetcher-18] - thread_handler.py:37 - Fetched all of category: 1018958
2024-10-13 14:27:39,297 - INFO - [Fetcher-12] - thread_handler.py:37 - Fetched all of category: 1018957
2024-10-13 14:27:39,300 - INFO - [Fetcher-16] - thread_handler.py:37 - Fetched all of category: 1018959
2024-10-13 14:27:39,303 - INFO - [Fetcher-10] - thread_handler.py:37 - Fetched all of category: 1018952
2024-10-13 14:27:39,309 - INFO - [Fetcher-9] - thread_handler.py:37 - Fetched all of category: 1018877
2024-10-13 14:27:39,312 - INFO - [Fetcher-6] - thread_handler.py:37 - Fetched all of category: 1018955
2024-10-13 14:27:39,315 - INFO - [Fetcher-15] - thread_handler.py:37 - Fetched all of category: 1018954
2024-10-13 14:27:39,316 - INFO - [Fetcher-2] - thread_handler.py:37 - Fetched all of category: 1018960
2024-10-13 14:27:39,322 - INFO - [Fetcher-13] - thread_handler.py:37 - Fetched all of category: 1018963
2024-10-13 14:27:39,331 - INFO - [Fetcher-24] - thread_handler.py:37 - Fetched all of category: 1018943
2024-10-13 14:27:39,341 - INFO - [DB-Consumer] - thread_handler.py:86 - [DB-Consumer] Saved remaining 3 products to db.
2024-10-13 14:27:39,377 - INFO - [Fetcher-22] - thread_handler.py:37 - Fetched all of category: 1018949
2024-10-13 14:27:39,383 - INFO - [DB-Consumer] - thread_handler.py:86 - [DB-Consumer] Saved remaining 584 products to db.
2024-10-13 14:27:39,402 - INFO - [DB-Consumer] - thread_handler.py:86 - [DB-Consumer] Saved remaining 280 products to db.
2024-10-13 14:27:39,519 - INFO - [Fetcher-1] - thread_handler.py:37 - Fetched all of category: 1018964
2024-10-13 14:27:39,548 - INFO - [Fetcher-8] - thread_handler.py:37 - Fetched all of category: 1018966
2024-10-13 14:27:39,552 - INFO - [Fetcher-21] - thread_handler.py:37 - Fetched all of category: 1018961
2024-10-13 14:27:39,558 - INFO - [Fetcher-17] - thread_handler.py:37 - Fetched all of category: 1018962
2024-10-13 14:27:39,572 - INFO - [DB-Consumer] - thread_handler.py:86 - [DB-Consumer] Saved remaining 104 products to db.
2024-10-13 14:27:39,589 - INFO - [Fetcher-5] - thread_handler.py:37 - Fetched all of category: 1018956
2024-10-13 14:27:39,593 - INFO - [DB-Consumer] - thread_handler.py:86 - [DB-Consumer] Saved remaining 221 products to db.
2024-10-13 14:27:39,605 - INFO - [DB-Consumer] - thread_handler.py:86 - [DB-Consumer] Saved remaining 184 products to db.
2024-10-13 14:27:39,767 - INFO - [Fetcher-10] - thread_handler.py:37 - Fetched all of category: 1018979
2024-10-13 14:27:39,802 - INFO - [Fetcher-16] - thread_handler.py:37 - Fetched all of category: 1018978
2024-10-13 14:27:39,804 - INFO - [Fetcher-2] - thread_handler.py:37 - Fetched all of category: 1018983
2024-10-13 14:27:39,811 - INFO - [Fetcher-6] - thread_handler.py:37 - Fetched all of category: 1018981
2024-10-13 14:27:39,814 - INFO - [DB-Consumer] - thread_handler.py:86 - [DB-Consumer] Saved remaining 29 products to db.
2024-10-13 14:27:39,820 - INFO - [Fetcher-24] - thread_handler.py:37 - Fetched all of category: 1018985
2024-10-13 14:27:39,823 - INFO - [DB-Consumer] - thread_handler.py:86 - [DB-Consumer] Saved remaining 51 products to db.
2024-10-13 14:27:39,827 - INFO - [DB-Consumer] - thread_handler.py:86 - [DB-Consumer] Saved remaining 38 products to db.
2024-10-13 14:27:39,939 - INFO - [Fetcher-22] - thread_handler.py:37 - Fetched all of category: 1018986
2024-10-13 14:27:39,987 - INFO - [Fetcher-9] - thread_handler.py:37 - Fetched all of category: 1018980
2024-10-13 14:27:39,993 - INFO - [Fetcher-13] - thread_handler.py:37 - Fetched all of category: 1018984
2024-10-13 14:27:40,000 - INFO - [DB-Consumer] - thread_handler.py:86 - [DB-Consumer] Saved remaining 1 products to db.
2024-10-13 14:27:40,009 - INFO - [DB-Consumer] - thread_handler.py:86 - [DB-Consumer] Saved remaining 120 products to db.
2024-10-13 14:27:40,141 - INFO - [Fetcher-8] - thread_handler.py:37 - Fetched all of category: 1018989
2024-10-13 14:27:40,184 - INFO - [Fetcher-20] - thread_handler.py:37 - Fetched all of category: 1018953
2024-10-13 14:27:40,190 - INFO - [DB-Consumer] - thread_handler.py:86 - [DB-Consumer] Saved remaining 18 products to db.
2024-10-13 14:27:40,251 - INFO - [Fetcher-14] - thread_handler.py:37 - Fetched all of category: 1018936
2024-10-13 14:27:40,259 - INFO - [Fetcher-6] - thread_handler.py:37 - Fetched all of category: 1019008
2024-10-13 14:27:40,272 - INFO - [Fetcher-3] - thread_handler.py:37 - Fetched all of category: 1018965
2024-10-13 14:27:40,278 - INFO - [DB-Consumer] - thread_handler.py:86 - [DB-Consumer] Saved remaining 504 products to db.
2024-10-13 14:27:40,320 - INFO - [Fetcher-1] - thread_handler.py:37 - Fetched all of category: 1018987
2024-10-13 14:27:40,324 - INFO - [DB-Consumer] - thread_handler.py:75 - [DB-Consumer] Saved 700 products to db.
2024-10-13 14:27:40,361 - INFO - [Fetcher-24] - thread_handler.py:37 - Fetched all of category: 1019009
2024-10-13 14:27:40,367 - INFO - [DB-Consumer] - thread_handler.py:86 - [DB-Consumer] Saved remaining 679 products to db.
2024-10-13 14:27:40,372 - INFO - [DB-Consumer] - thread_handler.py:86 - [DB-Consumer] Saved remaining 55 products to db.
